<?xml version="1.0" encoding="UTF-8"?>
<testsuite xmlns:xsi="http://www.w3.org/2001/XMLSchema-instance" xsi:noNamespaceSchemaLocation="https://maven.apache.org/surefire/maven-surefire-plugin/xsd/surefire-test-report.xsd" version="3.0.2" name="com.mireiagonzalez.urbanito.user.UserRepositoryTest" time="0.535" tests="3" errors="0" skipped="0" failures="0" flakes="0">
  <properties>
[...]
</properties>
  <testcase name="existsByEmailReturnsFalseWhenEmailDoesNotExist" classname="com.mireiagonzalez.urbanito.user.UserRepositoryTest" time="0.221">
    <system-out><![CDATA[2026-06-18T22:14:19.561+02:00  INFO 36701 --- [urbanito] [           main] t.c.s.AnnotationConfigContextLoaderUtils : Could not detect default configuration classes for test class [com.mireiagonzalez.urbanito.user.UserRepositoryTest]: UserRepositoryTest does not declare any static, non-private, non-final, nested classes annotated with @Configuration.
2026-06-18T22:14:19.582+02:00  INFO 36701 --- [urbanito] [           main] .b.t.c.SpringBootTestContextBootstrapper : Found @SpringBootConfiguration com.mireiagonzalez.urbanito.UrbanitoApplication for test class com.mireiagonzalez.urbanito.user.UserRepositoryTest
2026-06-18T22:14:19.584+02:00  INFO 36701 --- [urbanito] [           main] t.c.s.AnnotationConfigContextLoaderUtils : Could not detect default configuration classes for test class [com.mireiagonzalez.urbanito.user.UserRepositoryTest]: UserRepositoryTest does not declare any static, non-private, non-final, nested classes annotated with @Configuration.
2026-06-18T22:14:19.592+02:00  INFO 36701 --- [urbanito] [           main] .b.t.c.SpringBootTestContextBootstrapper : Found @SpringBootConfiguration com.mireiagonzalez.urbanito.UrbanitoApplication for test class com.mireiagonzalez.urbanito.user.UserRepositoryTest

  .   ____          _            __ _ _
 /\\ / ___'_ __ _ _(_)_ __  __ _ \ \ \ \
( ( )\___ | '_ | '_| | '_ \/ _` | \ \ \ \
 \\/  ___)| |_)| | | | | || (_| |  ) ) ) )
  '  |____| .__|_| |_|_| |_\__, | / / / /
 =========|_|==============|___/=/_/_/_/

 :: Spring Boot ::                (v4.1.0)

2026-06-18T22:14:19.614+02:00  INFO 36701 --- [urbanito] [           main] c.m.urbanito.user.UserRepositoryTest     : Starting UserRepositoryTest using Java 26.0.1 with PID 36701 (started by mireiagonzalez in /Users/mireiagonzalez/dev/portfolio-projects/urbanito/backend)
2026-06-18T22:14:19.614+02:00  INFO 36701 --- [urbanito] [           main] c.m.urbanito.user.UserRepositoryTest     : No active profile set, falling back to 1 default profile: "default"
2026-06-18T22:14:19.653+02:00  INFO 36701 --- [urbanito] [           main] .s.d.r.c.RepositoryConfigurationDelegate : Bootstrapping Spring Data JPA repositories in DEFAULT mode.
2026-06-18T22:14:19.659+02:00  INFO 36701 --- [urbanito] [           main] .s.d.r.c.RepositoryConfigurationDelegate : Finished Spring Data repository scanning in 5 ms. Found 3 JPA repository interfaces.
2026-06-18T22:14:19.686+02:00  INFO 36701 --- [urbanito] [           main] com.zaxxer.hikari.HikariDataSource       : HikariPool-2 - Starting...
2026-06-18T22:14:19.696+02:00  INFO 36701 --- [urbanito] [           main] com.zaxxer.hikari.pool.HikariPool        : HikariPool-2 - Added connection org.postgresql.jdbc.PgConnection@77c77a64
2026-06-18T22:14:19.697+02:00  INFO 36701 --- [urbanito] [           main] com.zaxxer.hikari.HikariDataSource       : HikariPool-2 - Start completed.
2026-06-18T22:14:19.698+02:00  INFO 36701 --- [urbanito] [           main] org.flywaydb.core.FlywayExecutor         : Database: jdbc:postgresql://localhost:5432/urbanito (PostgreSQL 16.14)
2026-06-18T22:14:19.714+02:00  INFO 36701 --- [urbanito] [           main] o.f.core.internal.command.DbValidate     : Successfully validated 5 migrations (execution time 00:00.005s)
2026-06-18T22:14:19.733+02:00  INFO 36701 --- [urbanito] [           main] o.f.core.internal.command.DbMigrate      : Current version of schema "public": 5
2026-06-18T22:14:19.734+02:00  INFO 36701 --- [urbanito] [           main] o.f.core.internal.command.DbMigrate      : Schema "public" is up to date. No migration necessary.
2026-06-18T22:14:19.746+02:00  INFO 36701 --- [urbanito] [           main] org.hibernate.orm.jpa                    : HHH008540: Processing PersistenceUnitInfo [name: default]
2026-06-18T22:14:19.756+02:00  INFO 36701 --- [urbanito] [           main] o.s.o.j.p.SpringPersistenceUnitInfo      : No LoadTimeWeaver setup: ignoring JPA class transformer
2026-06-18T22:14:19.762+02:00  INFO 36701 --- [urbanito] [           main] org.hibernate.orm.connections.pooling    : HHH10001005: Database info:
	Database JDBC URL [jdbc:postgresql://localhost:5432/urbanito]
	Database driver: PostgreSQL JDBC Driver
	Database dialect: PostgreSQLDialect
	Database version: 16.14
	Default catalog/schema: urbanito/public
	Autocommit mode: undefined/unknown
	Isolation level: READ_COMMITTED [default READ_COMMITTED]
	JDBC fetch size: none
	Pool: DataSourceConnectionProvider
	Minimum pool size: undefined/unknown
	Maximum pool size: undefined/unknown
2026-06-18T22:14:19.794+02:00  INFO 36701 --- [urbanito] [           main] org.hibernate.orm.core                   : HHH000489: No JTA platform available (set 'hibernate.transaction.jta.platform' to enable JTA platform integration)
2026-06-18T22:14:19.808+02:00  INFO 36701 --- [urbanito] [           main] j.LocalContainerEntityManagerFactoryBean : Initialized JPA EntityManagerFactory for persistence unit 'default'
2026-06-18T22:14:19.834+02:00  INFO 36701 --- [urbanito] [           main] c.m.urbanito.user.UserRepositoryTest     : Started UserRepositoryTest in 0.236 seconds (process running for 3.628)
Hibernate: select u1_0.id from users u1_0 where u1_0.email=? fetch first ? rows only
]]></system-out>
  </testcase>
  <testcase name="existsByEmailReturnsTrueWhenEmailExists" classname="com.mireiagonzalez.urbanito.user.UserRepositoryTest" time="0.02">
    <system-out><![CDATA[Hibernate: insert into users (created_at,email,name,password_hash,role,id) values (?,?,?,?,?,?)
Hibernate: select u1_0.id from users u1_0 where u1_0.email=? fetch first ? rows only
]]></system-out>
  </testcase>
  <testcase name="findByEmailReturnsUserWhenEmailExists" classname="com.mireiagonzalez.urbanito.user.UserRepositoryTest" time="0.015">
    <system-out><![CDATA[Hibernate: insert into users (created_at,email,name,password_hash,role,id) values (?,?,?,?,?,?)
Hibernate: select u1_0.id,u1_0.created_at,u1_0.email,u1_0.name,u1_0.password_hash,u1_0.role from users u1_0 where u1_0.email=?
]]></system-out>
  </testcase>
</testsuite>